{"name": "Проверить: если нажать на логотип Яндекса, в новом окне откроется главная страница Яндекса.", "status": "broken", "statusDetails": {"message": "selenium.common.exceptions.NoSuchElementException: Message: Unable to locate element: //button[@type='submit']\nStacktrace:\nRemoteError@chrome://remote/content/shared/RemoteError.jsm:12:1\nWebDriverError@chrome://remote/content/shared/webdriver/Errors.jsm:192:5\nNoSuchElementError@chrome://remote/content/shared/webdriver/Errors.jsm:404:5\nelement.find/</<@chrome://remote/content/marionette/element.js:291:16", "trace": "self = <test_order_bike.TestOrderBike object at 0x10bbec4f0>\n\n    @allure.title('Проверить: если нажать на логотип Яндекса, в новом окне откроется главная страница Яндекса.')\n    def test_check_yandex_btn(self):\n        # Создаём драйвер для браузера Firefox\n        self.driver = webdriver.Firefox()\n        self.driver.get('https://qa-scooter.praktikum-services.ru/')\n        # Создаём объект класса страницы авторизации\n        order_bike_set_1 = OrderBike(self.driver)\n        # Нажимаем кнопку \"Yandex\"\n        order_bike_set_1.yandex_logo_bth_click()\n        # Переключаемся на новое окно\n        order_bike_set_1.switch_to_window()\n        # Проверяем текст на главной странице Яндекса\n>       order_bike_set_1.check_text_on_yandex_page()\n\ntest/test_order_bike.py:92: \n_ _ _ _ _ _ _ _ _ _ _ _ _ _ _ _ _ _ _ _ _ _ _ _ _ _ _ _ _ _ _ _ _ _ _ _ _ _ _ _ _ _ _ _ _ _ _ _ _ _ _ _ _ _ _ _ _ _ _ _ _ _ _ _ _ _ _ _ _ _ _ _ _ _ _ _\ntest/page_object/order_bike.py:160: in check_text_on_yandex_page\n    text = self.driver.find_element(*self.submit_bth).text\nvenv/lib/python3.10/site-packages/selenium/webdriver/remote/webdriver.py:855: in find_element\n    return self.execute(Command.FIND_ELEMENT, {\nvenv/lib/python3.10/site-packages/selenium/webdriver/remote/webdriver.py:428: in execute\n    self.error_handler.check_response(response)\n_ _ _ _ _ _ _ _ _ _ _ _ _ _ _ _ _ _ _ _ _ _ _ _ _ _ _ _ _ _ _ _ _ _ _ _ _ _ _ _ _ _ _ _ _ _ _ _ _ _ _ _ _ _ _ _ _ _ _ _ _ _ _ _ _ _ _ _ _ _ _ _ _ _ _ _\n\nself = <selenium.webdriver.remote.errorhandler.ErrorHandler object at 0x10bd165c0>\nresponse = {'status': 404, 'value': '{\"value\":{\"error\":\"no such element\",\"message\":\"Unable to locate element: //button[@type=\\'su...ntent/shared/webdriver/Errors.jsm:404:5\\\\nelement.find/</<@chrome://remote/content/marionette/element.js:291:16\\\\n\"}}'}\n\n    def check_response(self, response: Dict[str, Any]) -> None:\n        \"\"\"\n        Checks that a JSON response from the WebDriver does not have an error.\n    \n        :Args:\n         - response - The JSON response from the WebDriver server as a dictionary\n           object.\n    \n        :Raises: If the response contains an error message.\n        \"\"\"\n        status = response.get('status', None)\n        if not status or status == ErrorCode.SUCCESS:\n            return\n        value = None\n        message = response.get(\"message\", \"\")\n        screen: str = response.get(\"screen\", \"\")\n        stacktrace = None\n        if isinstance(status, int):\n            value_json = response.get('value', None)\n            if value_json and isinstance(value_json, str):\n                import json\n                try:\n                    value = json.loads(value_json)\n                    if len(value.keys()) == 1:\n                        value = value['value']\n                    status = value.get('error', None)\n                    if not status:\n                        status = value.get(\"status\", ErrorCode.UNKNOWN_ERROR)\n                        message = value.get(\"value\") or value.get(\"message\")\n                        if not isinstance(message, str):\n                            value = message\n                            message = message.get('message')\n                    else:\n                        message = value.get('message', None)\n                except ValueError:\n                    pass\n    \n        exception_class: Type[WebDriverException]\n        if status in ErrorCode.NO_SUCH_ELEMENT:\n            exception_class = NoSuchElementException\n        elif status in ErrorCode.NO_SUCH_FRAME:\n            exception_class = NoSuchFrameException\n        elif status in ErrorCode.NO_SUCH_SHADOW_ROOT:\n            exception_class = NoSuchShadowRootException\n        elif status in ErrorCode.NO_SUCH_WINDOW:\n            exception_class = NoSuchWindowException\n        elif status in ErrorCode.STALE_ELEMENT_REFERENCE:\n            exception_class = StaleElementReferenceException\n        elif status in ErrorCode.ELEMENT_NOT_VISIBLE:\n            exception_class = ElementNotVisibleException\n        elif status in ErrorCode.INVALID_ELEMENT_STATE:\n            exception_class = InvalidElementStateException\n        elif status in ErrorCode.INVALID_SELECTOR \\\n                or status in ErrorCode.INVALID_XPATH_SELECTOR \\\n                or status in ErrorCode.INVALID_XPATH_SELECTOR_RETURN_TYPER:\n            exception_class = InvalidSelectorException\n        elif status in ErrorCode.ELEMENT_IS_NOT_SELECTABLE:\n            exception_class = ElementNotSelectableException\n        elif status in ErrorCode.ELEMENT_NOT_INTERACTABLE:\n            exception_class = ElementNotInteractableException\n        elif status in ErrorCode.INVALID_COOKIE_DOMAIN:\n            exception_class = InvalidCookieDomainException\n        elif status in ErrorCode.UNABLE_TO_SET_COOKIE:\n            exception_class = UnableToSetCookieException\n        elif status in ErrorCode.TIMEOUT:\n            exception_class = TimeoutException\n        elif status in ErrorCode.SCRIPT_TIMEOUT:\n            exception_class = TimeoutException\n        elif status in ErrorCode.UNKNOWN_ERROR:\n            exception_class = WebDriverException\n        elif status in ErrorCode.UNEXPECTED_ALERT_OPEN:\n            exception_class = UnexpectedAlertPresentException\n        elif status in ErrorCode.NO_ALERT_OPEN:\n            exception_class = NoAlertPresentException\n        elif status in ErrorCode.IME_NOT_AVAILABLE:\n            exception_class = ImeNotAvailableException\n        elif status in ErrorCode.IME_ENGINE_ACTIVATION_FAILED:\n            exception_class = ImeActivationFailedException\n        elif status in ErrorCode.MOVE_TARGET_OUT_OF_BOUNDS:\n            exception_class = MoveTargetOutOfBoundsException\n        elif status in ErrorCode.JAVASCRIPT_ERROR:\n            exception_class = JavascriptException\n        elif status in ErrorCode.SESSION_NOT_CREATED:\n            exception_class = SessionNotCreatedException\n        elif status in ErrorCode.INVALID_ARGUMENT:\n            exception_class = InvalidArgumentException\n        elif status in ErrorCode.NO_SUCH_COOKIE:\n            exception_class = NoSuchCookieException\n        elif status in ErrorCode.UNABLE_TO_CAPTURE_SCREEN:\n            exception_class = ScreenshotException\n        elif status in ErrorCode.ELEMENT_CLICK_INTERCEPTED:\n            exception_class = ElementClickInterceptedException\n        elif status in ErrorCode.INSECURE_CERTIFICATE:\n            exception_class = InsecureCertificateException\n        elif status in ErrorCode.INVALID_COORDINATES:\n            exception_class = InvalidCoordinatesException\n        elif status in ErrorCode.INVALID_SESSION_ID:\n            exception_class = InvalidSessionIdException\n        elif status in ErrorCode.UNKNOWN_METHOD:\n            exception_class = UnknownMethodException\n        else:\n            exception_class = WebDriverException\n        if not value:\n            value = response['value']\n        if isinstance(value, str):\n            raise exception_class(value)\n        if message == \"\" and 'message' in value:\n            message = value['message']\n    \n        screen = None  # type: ignore[assignment]\n        if 'screen' in value:\n            screen = value['screen']\n    \n        stacktrace = None\n        st_value = value.get('stackTrace') or value.get('stacktrace')\n        if st_value:\n            if isinstance(st_value, str):\n                stacktrace = st_value.split('\\n')\n            else:\n                stacktrace = []\n                try:\n                    for frame in st_value:\n                        line = frame.get(\"lineNumber\", \"\")\n                        file = frame.get(\"fileName\", \"<anonymous>\")\n                        if line:\n                            file = f\"{file}:{line}\"\n                        meth = frame.get('methodName', '<anonymous>')\n                        if 'className' in frame:\n                            meth = \"{}.{}\".format(frame['className'], meth)\n                        msg = \"    at %s (%s)\"\n                        msg = msg % (meth, file)\n                        stacktrace.append(msg)\n                except TypeError:\n                    pass\n        if exception_class == UnexpectedAlertPresentException:\n            alert_text = None\n            if 'data' in value:\n                alert_text = value['data'].get('text')\n            elif 'alert' in value:\n                alert_text = value['alert'].get('text')\n            raise exception_class(message, screen, stacktrace, alert_text)  # type: ignore[call-arg]  # mypy is not smart enough here\n>       raise exception_class(message, screen, stacktrace)\nE       selenium.common.exceptions.NoSuchElementException: Message: Unable to locate element: //button[@type='submit']\nE       Stacktrace:\nE       RemoteError@chrome://remote/content/shared/RemoteError.jsm:12:1\nE       WebDriverError@chrome://remote/content/shared/webdriver/Errors.jsm:192:5\nE       NoSuchElementError@chrome://remote/content/shared/webdriver/Errors.jsm:404:5\nE       element.find/</<@chrome://remote/content/marionette/element.js:291:16\n\nvenv/lib/python3.10/site-packages/selenium/webdriver/remote/errorhandler.py:243: NoSuchElementException"}, "steps": [{"name": "Открываем браузер Chrome", "status": "passed", "parameters": [{"name": "driver", "value": "<selenium.webdriver.firefox.webdriver.WebDriver (session=\"cbdb8753-b648-41db-b0ce-e81592cc6e3b\")>"}], "start": 1662122196992, "stop": 1662122196995}, {"name": "Нажимем кнопку \"Yandex\"", "status": "passed", "start": 1662122196995, "stop": 1662122197289}, {"name": "Переключаемся на новое окно", "status": "passed", "start": 1662122197289, "stop": 1662122197313}, {"name": "Проверяем текст на главной странице Яндекса", "status": "broken", "statusDetails": {"message": "selenium.common.exceptions.NoSuchElementException: Message: Unable to locate element: //button[@type='submit']\nStacktrace:\nRemoteError@chrome://remote/content/shared/RemoteError.jsm:12:1\nWebDriverError@chrome://remote/content/shared/webdriver/Errors.jsm:192:5\nNoSuchElementError@chrome://remote/content/shared/webdriver/Errors.jsm:404:5\nelement.find/</<@chrome://remote/content/marionette/element.js:291:16\n\n", "trace": "  File \"/Users/sergejkislenko/Desktop/Python/Sprint_4/venv/lib/python3.10/site-packages/allure_commons/_allure.py\", line 172, in impl\n    return func(*a, **kw)\n  File \"/Users/sergejkislenko/Desktop/Python/Sprint_4/test/page_object/order_bike.py\", line 160, in check_text_on_yandex_page\n    text = self.driver.find_element(*self.submit_bth).text\n  File \"/Users/sergejkislenko/Desktop/Python/Sprint_4/venv/lib/python3.10/site-packages/selenium/webdriver/remote/webdriver.py\", line 855, in find_element\n    return self.execute(Command.FIND_ELEMENT, {\n  File \"/Users/sergejkislenko/Desktop/Python/Sprint_4/venv/lib/python3.10/site-packages/selenium/webdriver/remote/webdriver.py\", line 428, in execute\n    self.error_handler.check_response(response)\n  File \"/Users/sergejkislenko/Desktop/Python/Sprint_4/venv/lib/python3.10/site-packages/selenium/webdriver/remote/errorhandler.py\", line 243, in check_response\n    raise exception_class(message, screen, stacktrace)\n"}, "start": 1662122197313, "stop": 1662122200324}], "start": 1662122188451, "stop": 1662122200326, "uuid": "06729d14-5ed6-4416-953b-0c88ff5dcc11", "historyId": "d5af4981626a5ff1adc13c3c3679ed42", "testCaseId": "bdd6f53b539ba9b35ebf9c823530299f", "fullName": "test.test_order_bike.TestOrderBike#test_check_yandex_btn", "labels": [{"name": "parentSuite", "value": "test"}, {"name": "suite", "value": "test_order_bike"}, {"name": "subSuite", "value": "TestOrderBike"}, {"name": "host", "value": "MacBook-Pro-Sergej.local"}, {"name": "thread", "value": "55149-MainThread"}, {"name": "framework", "value": "pytest"}, {"name": "language", "value": "cpython3"}, {"name": "package", "value": "test.test_order_bike"}]}