{"name": "Проверка заказа самоката через кнопку «Заказать» внизу страницы второй набор", "status": "broken", "statusDetails": {"message": "selenium.common.exceptions.ElementClickInterceptedException: Message: Element <button class=\"Button_Button__ra12g Button_Middle__1CSJM\"> is not clickable at point (612,30) because another element <div class=\"Header_Header__214zg\"> obscures it\nStacktrace:\nRemoteError@chrome://remote/content/shared/RemoteError.jsm:12:1\nWebDriverError@chrome://remote/content/shared/webdriver/Errors.jsm:192:5\nElementClickInterceptedError@chrome://remote/content/shared/webdriver/Errors.jsm:291:5\nwebdriverClickElement@chrome://remote/content/marionette/interaction.js:166:11\ninteraction.clickElement@chrome://remote/content/marionette/interaction.js:125:11\nclickElement@chrome://remote/content/marionette/actors/MarionetteCommandsChild.jsm:204:29\nreceiveMessage@chrome://remote/content/marionette/actors/MarionetteCommandsChild.jsm:92:31", "trace": "self = <test_order_bike.TestOrderBike object at 0x108a4ac20>\n\n    @allure.title('Проверка заказа самоката через кнопку «Заказать» внизу страницы второй набор')\n    def test_order_bike_set_2(self):\n        # Создаём драйвер для браузера Firefox\n        self.driver = webdriver.Firefox()\n        self.driver.get('https://qa-scooter.praktikum-services.ru/')\n        # Создаём объект класса страницы авторизации\n        order_bike_set_2 = OrderBike(self.driver)\n        # Нажимаем кнопку \"да все привыкли\"\n        order_bike_set_2.cookei_btn_click()\n        # Выполняем проскролл до кнопки «Заказать» внизу страницы\n        order_bike_set_2.scroll_to_element_order_btn()\n        # Нажимаем кнопку \"Заказать\"\n>       order_bike_set_2.footer_order_btn_click()\n\ntest/test_order_bike.py:47: \n_ _ _ _ _ _ _ _ _ _ _ _ _ _ _ _ _ _ _ _ _ _ _ _ _ _ _ _ _ _ _ _ _ _ _ _ _ _ _ _ _ _ _ _ _ _ _ _ _ _ _ _ _ _ _ _ _ _ _ _ _ _ _ _ _ _ _ _ _ _ _ _ _ _ _ _\ntest/page_object/order_bike.py:91: in footer_order_btn_click\n    self.driver.find_element(*self.footer_order_btn).click()\nvenv/lib/python3.10/site-packages/selenium/webdriver/remote/webelement.py:88: in click\n    self._execute(Command.CLICK_ELEMENT)\nvenv/lib/python3.10/site-packages/selenium/webdriver/remote/webelement.py:396: in _execute\n    return self._parent.execute(command, params)\nvenv/lib/python3.10/site-packages/selenium/webdriver/remote/webdriver.py:428: in execute\n    self.error_handler.check_response(response)\n_ _ _ _ _ _ _ _ _ _ _ _ _ _ _ _ _ _ _ _ _ _ _ _ _ _ _ _ _ _ _ _ _ _ _ _ _ _ _ _ _ _ _ _ _ _ _ _ _ _ _ _ _ _ _ _ _ _ _ _ _ _ _ _ _ _ _ _ _ _ _ _ _ _ _ _\n\nself = <selenium.webdriver.remote.errorhandler.ErrorHandler object at 0x108ea0190>\nresponse = {'status': 400, 'value': '{\"value\":{\"error\":\"element click intercepted\",\"message\":\"Element <button class=\\\\\"Button_But...dsChild.jsm:204:29\\\\nreceiveMessage@chrome://remote/content/marionette/actors/MarionetteCommandsChild.jsm:92:31\\\\n\"}}'}\n\n    def check_response(self, response: Dict[str, Any]) -> None:\n        \"\"\"\n        Checks that a JSON response from the WebDriver does not have an error.\n    \n        :Args:\n         - response - The JSON response from the WebDriver server as a dictionary\n           object.\n    \n        :Raises: If the response contains an error message.\n        \"\"\"\n        status = response.get('status', None)\n        if not status or status == ErrorCode.SUCCESS:\n            return\n        value = None\n        message = response.get(\"message\", \"\")\n        screen: str = response.get(\"screen\", \"\")\n        stacktrace = None\n        if isinstance(status, int):\n            value_json = response.get('value', None)\n            if value_json and isinstance(value_json, str):\n                import json\n                try:\n                    value = json.loads(value_json)\n                    if len(value.keys()) == 1:\n                        value = value['value']\n                    status = value.get('error', None)\n                    if not status:\n                        status = value.get(\"status\", ErrorCode.UNKNOWN_ERROR)\n                        message = value.get(\"value\") or value.get(\"message\")\n                        if not isinstance(message, str):\n                            value = message\n                            message = message.get('message')\n                    else:\n                        message = value.get('message', None)\n                except ValueError:\n                    pass\n    \n        exception_class: Type[WebDriverException]\n        if status in ErrorCode.NO_SUCH_ELEMENT:\n            exception_class = NoSuchElementException\n        elif status in ErrorCode.NO_SUCH_FRAME:\n            exception_class = NoSuchFrameException\n        elif status in ErrorCode.NO_SUCH_SHADOW_ROOT:\n            exception_class = NoSuchShadowRootException\n        elif status in ErrorCode.NO_SUCH_WINDOW:\n            exception_class = NoSuchWindowException\n        elif status in ErrorCode.STALE_ELEMENT_REFERENCE:\n            exception_class = StaleElementReferenceException\n        elif status in ErrorCode.ELEMENT_NOT_VISIBLE:\n            exception_class = ElementNotVisibleException\n        elif status in ErrorCode.INVALID_ELEMENT_STATE:\n            exception_class = InvalidElementStateException\n        elif status in ErrorCode.INVALID_SELECTOR \\\n                or status in ErrorCode.INVALID_XPATH_SELECTOR \\\n                or status in ErrorCode.INVALID_XPATH_SELECTOR_RETURN_TYPER:\n            exception_class = InvalidSelectorException\n        elif status in ErrorCode.ELEMENT_IS_NOT_SELECTABLE:\n            exception_class = ElementNotSelectableException\n        elif status in ErrorCode.ELEMENT_NOT_INTERACTABLE:\n            exception_class = ElementNotInteractableException\n        elif status in ErrorCode.INVALID_COOKIE_DOMAIN:\n            exception_class = InvalidCookieDomainException\n        elif status in ErrorCode.UNABLE_TO_SET_COOKIE:\n            exception_class = UnableToSetCookieException\n        elif status in ErrorCode.TIMEOUT:\n            exception_class = TimeoutException\n        elif status in ErrorCode.SCRIPT_TIMEOUT:\n            exception_class = TimeoutException\n        elif status in ErrorCode.UNKNOWN_ERROR:\n            exception_class = WebDriverException\n        elif status in ErrorCode.UNEXPECTED_ALERT_OPEN:\n            exception_class = UnexpectedAlertPresentException\n        elif status in ErrorCode.NO_ALERT_OPEN:\n            exception_class = NoAlertPresentException\n        elif status in ErrorCode.IME_NOT_AVAILABLE:\n            exception_class = ImeNotAvailableException\n        elif status in ErrorCode.IME_ENGINE_ACTIVATION_FAILED:\n            exception_class = ImeActivationFailedException\n        elif status in ErrorCode.MOVE_TARGET_OUT_OF_BOUNDS:\n            exception_class = MoveTargetOutOfBoundsException\n        elif status in ErrorCode.JAVASCRIPT_ERROR:\n            exception_class = JavascriptException\n        elif status in ErrorCode.SESSION_NOT_CREATED:\n            exception_class = SessionNotCreatedException\n        elif status in ErrorCode.INVALID_ARGUMENT:\n            exception_class = InvalidArgumentException\n        elif status in ErrorCode.NO_SUCH_COOKIE:\n            exception_class = NoSuchCookieException\n        elif status in ErrorCode.UNABLE_TO_CAPTURE_SCREEN:\n            exception_class = ScreenshotException\n        elif status in ErrorCode.ELEMENT_CLICK_INTERCEPTED:\n            exception_class = ElementClickInterceptedException\n        elif status in ErrorCode.INSECURE_CERTIFICATE:\n            exception_class = InsecureCertificateException\n        elif status in ErrorCode.INVALID_COORDINATES:\n            exception_class = InvalidCoordinatesException\n        elif status in ErrorCode.INVALID_SESSION_ID:\n            exception_class = InvalidSessionIdException\n        elif status in ErrorCode.UNKNOWN_METHOD:\n            exception_class = UnknownMethodException\n        else:\n            exception_class = WebDriverException\n        if not value:\n            value = response['value']\n        if isinstance(value, str):\n            raise exception_class(value)\n        if message == \"\" and 'message' in value:\n            message = value['message']\n    \n        screen = None  # type: ignore[assignment]\n        if 'screen' in value:\n            screen = value['screen']\n    \n        stacktrace = None\n        st_value = value.get('stackTrace') or value.get('stacktrace')\n        if st_value:\n            if isinstance(st_value, str):\n                stacktrace = st_value.split('\\n')\n            else:\n                stacktrace = []\n                try:\n                    for frame in st_value:\n                        line = frame.get(\"lineNumber\", \"\")\n                        file = frame.get(\"fileName\", \"<anonymous>\")\n                        if line:\n                            file = f\"{file}:{line}\"\n                        meth = frame.get('methodName', '<anonymous>')\n                        if 'className' in frame:\n                            meth = \"{}.{}\".format(frame['className'], meth)\n                        msg = \"    at %s (%s)\"\n                        msg = msg % (meth, file)\n                        stacktrace.append(msg)\n                except TypeError:\n                    pass\n        if exception_class == UnexpectedAlertPresentException:\n            alert_text = None\n            if 'data' in value:\n                alert_text = value['data'].get('text')\n            elif 'alert' in value:\n                alert_text = value['alert'].get('text')\n            raise exception_class(message, screen, stacktrace, alert_text)  # type: ignore[call-arg]  # mypy is not smart enough here\n>       raise exception_class(message, screen, stacktrace)\nE       selenium.common.exceptions.ElementClickInterceptedException: Message: Element <button class=\"Button_Button__ra12g Button_Middle__1CSJM\"> is not clickable at point (612,30) because another element <div class=\"Header_Header__214zg\"> obscures it\nE       Stacktrace:\nE       RemoteError@chrome://remote/content/shared/RemoteError.jsm:12:1\nE       WebDriverError@chrome://remote/content/shared/webdriver/Errors.jsm:192:5\nE       ElementClickInterceptedError@chrome://remote/content/shared/webdriver/Errors.jsm:291:5\nE       webdriverClickElement@chrome://remote/content/marionette/interaction.js:166:11\nE       interaction.clickElement@chrome://remote/content/marionette/interaction.js:125:11\nE       clickElement@chrome://remote/content/marionette/actors/MarionetteCommandsChild.jsm:204:29\nE       receiveMessage@chrome://remote/content/marionette/actors/MarionetteCommandsChild.jsm:92:31\n\nvenv/lib/python3.10/site-packages/selenium/webdriver/remote/errorhandler.py:243: ElementClickInterceptedException"}, "steps": [{"name": "Открываем браузер Chrome", "status": "passed", "parameters": [{"name": "driver", "value": "<selenium.webdriver.firefox.webdriver.WebDriver (session=\"defb719a-1101-4a24-931c-8febad472ff9\")>"}], "start": 1662123655209, "stop": 1662123655211}, {"name": "Нажимем кнопку \"да все привыкли\"", "status": "passed", "start": 1662123655211, "stop": 1662123655454}, {"name": "Выполняем проскролл до кнопки «Заказать» внизу страницы", "status": "passed", "start": 1662123655454, "stop": 1662123658463}, {"name": "Нажимем кнопку \"Заказать\" внизу страницы", "status": "broken", "statusDetails": {"message": "selenium.common.exceptions.ElementClickInterceptedException: Message: Element <button class=\"Button_Button__ra12g Button_Middle__1CSJM\"> is not clickable at point (612,30) because another element <div class=\"Header_Header__214zg\"> obscures it\nStacktrace:\nRemoteError@chrome://remote/content/shared/RemoteError.jsm:12:1\nWebDriverError@chrome://remote/content/shared/webdriver/Errors.jsm:192:5\nElementClickInterceptedError@chrome://remote/content/shared/webdriver/Errors.jsm:291:5\nwebdriverClickElement@chrome://remote/content/marionette/interaction.js:166:11\ninteraction.clickElement@chrome://remote/content/marionette/interaction.js:125:11\nclickElement@chrome://remote/content/marionette/actors/MarionetteCommandsChild.jsm:204:29\nreceiveMessage@chrome://remote/content/marionette/actors/MarionetteCommandsChild.jsm:92:31\n\n", "trace": "  File \"/Users/sergejkislenko/Desktop/Python/Sprint_4/venv/lib/python3.10/site-packages/allure_commons/_allure.py\", line 172, in impl\n    return func(*a, **kw)\n  File \"/Users/sergejkislenko/Desktop/Python/Sprint_4/test/page_object/order_bike.py\", line 91, in footer_order_btn_click\n    self.driver.find_element(*self.footer_order_btn).click()\n  File \"/Users/sergejkislenko/Desktop/Python/Sprint_4/venv/lib/python3.10/site-packages/selenium/webdriver/remote/webelement.py\", line 88, in click\n    self._execute(Command.CLICK_ELEMENT)\n  File \"/Users/sergejkislenko/Desktop/Python/Sprint_4/venv/lib/python3.10/site-packages/selenium/webdriver/remote/webelement.py\", line 396, in _execute\n    return self._parent.execute(command, params)\n  File \"/Users/sergejkislenko/Desktop/Python/Sprint_4/venv/lib/python3.10/site-packages/selenium/webdriver/remote/webdriver.py\", line 428, in execute\n    self.error_handler.check_response(response)\n  File \"/Users/sergejkislenko/Desktop/Python/Sprint_4/venv/lib/python3.10/site-packages/selenium/webdriver/remote/errorhandler.py\", line 243, in check_response\n    raise exception_class(message, screen, stacktrace)\n"}, "start": 1662123658463, "stop": 1662123658473}], "start": 1662123647980, "stop": 1662123658474, "uuid": "1a989cf5-5dbc-4975-a6f4-74e22a1a6995", "historyId": "80e1cbd92b56234361a544a0be6ce538", "testCaseId": "87cb35b4770ed0af522a91444f548160", "fullName": "test.test_order_bike.TestOrderBike#test_order_bike_set_2", "labels": [{"name": "parentSuite", "value": "test"}, {"name": "suite", "value": "test_order_bike"}, {"name": "subSuite", "value": "TestOrderBike"}, {"name": "host", "value": "MacBook-Pro-Sergej.local"}, {"name": "thread", "value": "55819-MainThread"}, {"name": "framework", "value": "pytest"}, {"name": "language", "value": "cpython3"}, {"name": "package", "value": "test.test_order_bike"}]}