{"name": "Проверка соответствующего текста в вопросе: \"Сколько это стоит? И как оплатить?\"", "status": "failed", "statusDetails": {"message": "AssertionError: Error", "trace": "self = <test_check_drop_down_list.TestCheckDropDownList object at 0x101ba7850>\n\n    @allure.title('Проверка соответствующего текста в вопросе: \"Сколько это стоит? И как оплатить?\"')\n    def test_how_much_question(self):\n        # перешли на страницу тестового приложения\n        self.driver.get('https://qa-scooter.praktikum-services.ru/')\n    \n        # создать объект класса страницы авторизации\n        questions_about = QuestionsAboutImportant(self.driver)\n        # выполнить скролл до нужного элемента\n        questions_about.scroll()\n        # выполнить клик по вопросу \"Сколько это стоит? И как оплатить?\"\n        questions_about.how_much_click()\n        # выполнить проверку текста в открывшемся списке\n>       questions_about.check_text_text_how_much_btn()\n\ntest/test_check_drop_down_list.py:26: \n_ _ _ _ _ _ _ _ _ _ _ _ _ _ _ _ _ _ _ _ _ _ _ _ _ _ _ _ _ _ _ _ _ _ _ _ _ _ _ _ _ _ _ _ _ _ _ _ _ _ _ _ _ _ _ _ _ _ _ _ _ _ _ _ _ _ _ _ _ _ _ _ _ _ _ _\n\nself = <questions_about_important.QuestionsAboutImportant object at 0x101a06530>\n\n    @allure.step(\n        'На странице ищем элемент и проверяем, '\n        'что его тескт == \"Сутки — 400 рублей. Оплата курьеру — наличными или картой.\"')\n    def check_text_text_how_much_btn(self):\n        text = self.driver.find_element(*self.text_how_much_btn).text\n>       assert text == 'Сутки — 400 рублей. Оплата курьеру — наличными или картой.', 'Error'\nE       AssertionError: Error\n\ntest/questions_about_important.py:31: AssertionError"}, "steps": [{"name": "Открываем браузер Chrome", "status": "passed", "parameters": [{"name": "driver", "value": "<selenium.webdriver.chrome.webdriver.WebDriver (session=\"323ed439e3b9ef088995b26015227bfb\")>"}], "start": 1661801411784, "stop": 1661801411784}, {"name": "Выполняем проскролл до нужного элемента", "status": "passed", "start": 1661801411784, "stop": 1661801414819}, {"name": "Нажимем на элемент", "status": "passed", "start": 1661801414819, "stop": 1661801414904}, {"name": "На странице ищем элемент и проверяем, что его тескт == \"Сутки — 400 рублей. Оплата курьеру — наличными или картой.\"", "status": "failed", "statusDetails": {"message": "AssertionError: Error\n", "trace": "  File \"/Users/sergejkislenko/Desktop/Python/Sprint_4/venv/lib/python3.10/site-packages/allure_commons/_allure.py\", line 172, in impl\n    return func(*a, **kw)\n  File \"/Users/sergejkislenko/Desktop/Python/Sprint_4/test/questions_about_important.py\", line 31, in check_text_text_how_much_btn\n    assert text == 'Сутки — 400 рублей. Оплата курьеру — наличными или картой.', 'Error'\n"}, "start": 1661801414905, "stop": 1661801414932}], "start": 1661801363562, "stop": 1661801414934, "uuid": "b216e8aa-625a-43d7-8326-07b014a9872b", "historyId": "0a930334c6775f40b268a2171c0dae88", "testCaseId": "e1ed5120f34ec60cc9426afc25fb4c84", "fullName": "test.test_check_drop_down_list.TestCheckDropDownList#test_how_much_question", "labels": [{"name": "parentSuite", "value": "test"}, {"name": "suite", "value": "test_check_drop_down_list"}, {"name": "subSuite", "value": "TestCheckDropDownList"}, {"name": "host", "value": "MacBook-Pro-Sergej.local"}, {"name": "thread", "value": "27002-MainThread"}, {"name": "framework", "value": "pytest"}, {"name": "language", "value": "cpython3"}, {"name": "package", "value": "test.test_check_drop_down_list"}]}