{"name": "Проверка текста в вопросе: \"Сколько это стоит? И как оплатить?\"", "status": "broken", "statusDetails": {"message": "selenium.common.exceptions.ElementClickInterceptedException: Message: Element <div id=\"accordion__heading-0\" class=\"accordion__button\"> is not clickable at point (966,23) because another element <button class=\"Button_Button__ra12g\"> obscures it\nStacktrace:\nRemoteError@chrome://remote/content/shared/RemoteError.jsm:12:1\nWebDriverError@chrome://remote/content/shared/webdriver/Errors.jsm:192:5\nElementClickInterceptedError@chrome://remote/content/shared/webdriver/Errors.jsm:291:5\nwebdriverClickElement@chrome://remote/content/marionette/interaction.js:166:11\ninteraction.clickElement@chrome://remote/content/marionette/interaction.js:125:11\nclickElement@chrome://remote/content/marionette/actors/MarionetteCommandsChild.jsm:204:29\nreceiveMessage@chrome://remote/content/marionette/actors/MarionetteCommandsChild.jsm:92:31", "trace": "self = <test_check_drop_down_list.TestCheckDropDownList object at 0x10bbc2950>\n\n    @allure.title('Проверка текста в вопросе: \"Сколько это стоит? И как оплатить?\"')\n    def test_how_much_question(self):\n        # Создаём объект класса страницы авторизации\n        questions_about = QuestionsAboutImportant(self.driver)\n        # Нажимаем кнопку \"да все привыкли\"\n        questions_about.accept_cookei_btn_click()\n        # Выполняем проскролл до нужного элемента\n        questions_about.scroll()\n        # Выполняем клик по вопросу \"Сколько это стоит? И как оплатить?\"\n>       questions_about.how_much_click()\n\ntest/test_check_drop_down_list.py:24: \n_ _ _ _ _ _ _ _ _ _ _ _ _ _ _ _ _ _ _ _ _ _ _ _ _ _ _ _ _ _ _ _ _ _ _ _ _ _ _ _ _ _ _ _ _ _ _ _ _ _ _ _ _ _ _ _ _ _ _ _ _ _ _ _ _ _ _ _ _ _ _ _ _ _ _ _\ntest/page_object/questions_about_important.py:71: in how_much_click\n    self.driver.find_element(*self.how_much_btn).click()\nvenv/lib/python3.10/site-packages/selenium/webdriver/remote/webelement.py:88: in click\n    self._execute(Command.CLICK_ELEMENT)\nvenv/lib/python3.10/site-packages/selenium/webdriver/remote/webelement.py:396: in _execute\n    return self._parent.execute(command, params)\nvenv/lib/python3.10/site-packages/selenium/webdriver/remote/webdriver.py:428: in execute\n    self.error_handler.check_response(response)\n_ _ _ _ _ _ _ _ _ _ _ _ _ _ _ _ _ _ _ _ _ _ _ _ _ _ _ _ _ _ _ _ _ _ _ _ _ _ _ _ _ _ _ _ _ _ _ _ _ _ _ _ _ _ _ _ _ _ _ _ _ _ _ _ _ _ _ _ _ _ _ _ _ _ _ _\n\nself = <selenium.webdriver.remote.errorhandler.ErrorHandler object at 0x10bbec730>\nresponse = {'status': 400, 'value': '{\"value\":{\"error\":\"element click intercepted\",\"message\":\"Element <div id=\\\\\"accordion__headi...dsChild.jsm:204:29\\\\nreceiveMessage@chrome://remote/content/marionette/actors/MarionetteCommandsChild.jsm:92:31\\\\n\"}}'}\n\n    def check_response(self, response: Dict[str, Any]) -> None:\n        \"\"\"\n        Checks that a JSON response from the WebDriver does not have an error.\n    \n        :Args:\n         - response - The JSON response from the WebDriver server as a dictionary\n           object.\n    \n        :Raises: If the response contains an error message.\n        \"\"\"\n        status = response.get('status', None)\n        if not status or status == ErrorCode.SUCCESS:\n            return\n        value = None\n        message = response.get(\"message\", \"\")\n        screen: str = response.get(\"screen\", \"\")\n        stacktrace = None\n        if isinstance(status, int):\n            value_json = response.get('value', None)\n            if value_json and isinstance(value_json, str):\n                import json\n                try:\n                    value = json.loads(value_json)\n                    if len(value.keys()) == 1:\n                        value = value['value']\n                    status = value.get('error', None)\n                    if not status:\n                        status = value.get(\"status\", ErrorCode.UNKNOWN_ERROR)\n                        message = value.get(\"value\") or value.get(\"message\")\n                        if not isinstance(message, str):\n                            value = message\n                            message = message.get('message')\n                    else:\n                        message = value.get('message', None)\n                except ValueError:\n                    pass\n    \n        exception_class: Type[WebDriverException]\n        if status in ErrorCode.NO_SUCH_ELEMENT:\n            exception_class = NoSuchElementException\n        elif status in ErrorCode.NO_SUCH_FRAME:\n            exception_class = NoSuchFrameException\n        elif status in ErrorCode.NO_SUCH_SHADOW_ROOT:\n            exception_class = NoSuchShadowRootException\n        elif status in ErrorCode.NO_SUCH_WINDOW:\n            exception_class = NoSuchWindowException\n        elif status in ErrorCode.STALE_ELEMENT_REFERENCE:\n            exception_class = StaleElementReferenceException\n        elif status in ErrorCode.ELEMENT_NOT_VISIBLE:\n            exception_class = ElementNotVisibleException\n        elif status in ErrorCode.INVALID_ELEMENT_STATE:\n            exception_class = InvalidElementStateException\n        elif status in ErrorCode.INVALID_SELECTOR \\\n                or status in ErrorCode.INVALID_XPATH_SELECTOR \\\n                or status in ErrorCode.INVALID_XPATH_SELECTOR_RETURN_TYPER:\n            exception_class = InvalidSelectorException\n        elif status in ErrorCode.ELEMENT_IS_NOT_SELECTABLE:\n            exception_class = ElementNotSelectableException\n        elif status in ErrorCode.ELEMENT_NOT_INTERACTABLE:\n            exception_class = ElementNotInteractableException\n        elif status in ErrorCode.INVALID_COOKIE_DOMAIN:\n            exception_class = InvalidCookieDomainException\n        elif status in ErrorCode.UNABLE_TO_SET_COOKIE:\n            exception_class = UnableToSetCookieException\n        elif status in ErrorCode.TIMEOUT:\n            exception_class = TimeoutException\n        elif status in ErrorCode.SCRIPT_TIMEOUT:\n            exception_class = TimeoutException\n        elif status in ErrorCode.UNKNOWN_ERROR:\n            exception_class = WebDriverException\n        elif status in ErrorCode.UNEXPECTED_ALERT_OPEN:\n            exception_class = UnexpectedAlertPresentException\n        elif status in ErrorCode.NO_ALERT_OPEN:\n            exception_class = NoAlertPresentException\n        elif status in ErrorCode.IME_NOT_AVAILABLE:\n            exception_class = ImeNotAvailableException\n        elif status in ErrorCode.IME_ENGINE_ACTIVATION_FAILED:\n            exception_class = ImeActivationFailedException\n        elif status in ErrorCode.MOVE_TARGET_OUT_OF_BOUNDS:\n            exception_class = MoveTargetOutOfBoundsException\n        elif status in ErrorCode.JAVASCRIPT_ERROR:\n            exception_class = JavascriptException\n        elif status in ErrorCode.SESSION_NOT_CREATED:\n            exception_class = SessionNotCreatedException\n        elif status in ErrorCode.INVALID_ARGUMENT:\n            exception_class = InvalidArgumentException\n        elif status in ErrorCode.NO_SUCH_COOKIE:\n            exception_class = NoSuchCookieException\n        elif status in ErrorCode.UNABLE_TO_CAPTURE_SCREEN:\n            exception_class = ScreenshotException\n        elif status in ErrorCode.ELEMENT_CLICK_INTERCEPTED:\n            exception_class = ElementClickInterceptedException\n        elif status in ErrorCode.INSECURE_CERTIFICATE:\n            exception_class = InsecureCertificateException\n        elif status in ErrorCode.INVALID_COORDINATES:\n            exception_class = InvalidCoordinatesException\n        elif status in ErrorCode.INVALID_SESSION_ID:\n            exception_class = InvalidSessionIdException\n        elif status in ErrorCode.UNKNOWN_METHOD:\n            exception_class = UnknownMethodException\n        else:\n            exception_class = WebDriverException\n        if not value:\n            value = response['value']\n        if isinstance(value, str):\n            raise exception_class(value)\n        if message == \"\" and 'message' in value:\n            message = value['message']\n    \n        screen = None  # type: ignore[assignment]\n        if 'screen' in value:\n            screen = value['screen']\n    \n        stacktrace = None\n        st_value = value.get('stackTrace') or value.get('stacktrace')\n        if st_value:\n            if isinstance(st_value, str):\n                stacktrace = st_value.split('\\n')\n            else:\n                stacktrace = []\n                try:\n                    for frame in st_value:\n                        line = frame.get(\"lineNumber\", \"\")\n                        file = frame.get(\"fileName\", \"<anonymous>\")\n                        if line:\n                            file = f\"{file}:{line}\"\n                        meth = frame.get('methodName', '<anonymous>')\n                        if 'className' in frame:\n                            meth = \"{}.{}\".format(frame['className'], meth)\n                        msg = \"    at %s (%s)\"\n                        msg = msg % (meth, file)\n                        stacktrace.append(msg)\n                except TypeError:\n                    pass\n        if exception_class == UnexpectedAlertPresentException:\n            alert_text = None\n            if 'data' in value:\n                alert_text = value['data'].get('text')\n            elif 'alert' in value:\n                alert_text = value['alert'].get('text')\n            raise exception_class(message, screen, stacktrace, alert_text)  # type: ignore[call-arg]  # mypy is not smart enough here\n>       raise exception_class(message, screen, stacktrace)\nE       selenium.common.exceptions.ElementClickInterceptedException: Message: Element <div id=\"accordion__heading-0\" class=\"accordion__button\"> is not clickable at point (966,23) because another element <button class=\"Button_Button__ra12g\"> obscures it\nE       Stacktrace:\nE       RemoteError@chrome://remote/content/shared/RemoteError.jsm:12:1\nE       WebDriverError@chrome://remote/content/shared/webdriver/Errors.jsm:192:5\nE       ElementClickInterceptedError@chrome://remote/content/shared/webdriver/Errors.jsm:291:5\nE       webdriverClickElement@chrome://remote/content/marionette/interaction.js:166:11\nE       interaction.clickElement@chrome://remote/content/marionette/interaction.js:125:11\nE       clickElement@chrome://remote/content/marionette/actors/MarionetteCommandsChild.jsm:204:29\nE       receiveMessage@chrome://remote/content/marionette/actors/MarionetteCommandsChild.jsm:92:31\n\nvenv/lib/python3.10/site-packages/selenium/webdriver/remote/errorhandler.py:243: ElementClickInterceptedException"}, "steps": [{"name": "Открываем браузер Firefox", "status": "passed", "parameters": [{"name": "driver", "value": "<selenium.webdriver.firefox.webdriver.WebDriver (session=\"fd2ccc8e-db19-43cb-898a-5bae63c57793\")>"}], "start": 1662122125686, "stop": 1662122125690}, {"name": "Нажимем кнопку \"да все привыкли\"", "status": "passed", "start": 1662122125690, "stop": 1662122125950}, {"name": "Выполняем проскролл до нужного элемента", "status": "passed", "start": 1662122125950, "stop": 1662122128965}, {"name": "Нажимем на поле с вопросом \"Сколько это стоит? И как оплатить?\"", "status": "broken", "statusDetails": {"message": "selenium.common.exceptions.ElementClickInterceptedException: Message: Element <div id=\"accordion__heading-0\" class=\"accordion__button\"> is not clickable at point (966,23) because another element <button class=\"Button_Button__ra12g\"> obscures it\nStacktrace:\nRemoteError@chrome://remote/content/shared/RemoteError.jsm:12:1\nWebDriverError@chrome://remote/content/shared/webdriver/Errors.jsm:192:5\nElementClickInterceptedError@chrome://remote/content/shared/webdriver/Errors.jsm:291:5\nwebdriverClickElement@chrome://remote/content/marionette/interaction.js:166:11\ninteraction.clickElement@chrome://remote/content/marionette/interaction.js:125:11\nclickElement@chrome://remote/content/marionette/actors/MarionetteCommandsChild.jsm:204:29\nreceiveMessage@chrome://remote/content/marionette/actors/MarionetteCommandsChild.jsm:92:31\n\n", "trace": "  File \"/Users/sergejkislenko/Desktop/Python/Sprint_4/venv/lib/python3.10/site-packages/allure_commons/_allure.py\", line 172, in impl\n    return func(*a, **kw)\n  File \"/Users/sergejkislenko/Desktop/Python/Sprint_4/test/page_object/questions_about_important.py\", line 71, in how_much_click\n    self.driver.find_element(*self.how_much_btn).click()\n  File \"/Users/sergejkislenko/Desktop/Python/Sprint_4/venv/lib/python3.10/site-packages/selenium/webdriver/remote/webelement.py\", line 88, in click\n    self._execute(Command.CLICK_ELEMENT)\n  File \"/Users/sergejkislenko/Desktop/Python/Sprint_4/venv/lib/python3.10/site-packages/selenium/webdriver/remote/webelement.py\", line 396, in _execute\n    return self._parent.execute(command, params)\n  File \"/Users/sergejkislenko/Desktop/Python/Sprint_4/venv/lib/python3.10/site-packages/selenium/webdriver/remote/webdriver.py\", line 428, in execute\n    self.error_handler.check_response(response)\n  File \"/Users/sergejkislenko/Desktop/Python/Sprint_4/venv/lib/python3.10/site-packages/selenium/webdriver/remote/errorhandler.py\", line 243, in check_response\n    raise exception_class(message, screen, stacktrace)\n"}, "start": 1662122128965, "stop": 1662122128975}], "start": 1662122125686, "stop": 1662122128987, "uuid": "b77adb75-088f-4f56-bfe7-2a3db39680b0", "historyId": "0a930334c6775f40b268a2171c0dae88", "testCaseId": "e1ed5120f34ec60cc9426afc25fb4c84", "fullName": "test.test_check_drop_down_list.TestCheckDropDownList#test_how_much_question", "labels": [{"name": "parentSuite", "value": "test"}, {"name": "suite", "value": "test_check_drop_down_list"}, {"name": "subSuite", "value": "TestCheckDropDownList"}, {"name": "host", "value": "MacBook-Pro-Sergej.local"}, {"name": "thread", "value": "55149-MainThread"}, {"name": "framework", "value": "pytest"}, {"name": "language", "value": "cpython3"}, {"name": "package", "value": "test.test_check_drop_down_list"}]}